 
  ************************** CRUNCH ******************************
  ************************ VERSION 1.0 ***************************
 
                      Author:  C.I. STEEFEL 
  COPYRIGHT (c) 2000. The Regents of the University of California. 
                       All Rights Reserved 
 
  ****************************************************************
  This work was produced at the University of California, Lawrence 
  Livermore National Laboratory (UC LLNL) under contract no. W-7405-ENG-48 
  (Contract 48) between the U.S. Department of Energy (DOE) and The Regents 
  of the University of California (University) for the operation of UC LLNL. 
  Copyright is reserved to the University for purposes of controlled dissem- 
  ination, commercialization through formal licensing, or other disposition 
  under terms of Contract 48; DOE policies, regulations and orders; and U.S. 
  statutes. The rights of the Federal Government are reserved under Contract 
  48 subject to the restrictions agreed upon by the DOE and University as 
  allowed under DOE Acquisition Letter 97-1. 
 
                                DISCLAIMER                            
  This work was prepared as an account of work sponsored by an agency of the
  United States Government. Neither the United States Government nor the 
  University of California nor any of their employees, makes any warranty, 
  express or implied, or assumes any liability or responsibility for the 
  accuracy, completeness, or usefulness of any information, apparatus, product,
  or process disclosed, or represents that its use would not infringe 
  privately-owned rights.  Reference herein to any specific commercial products,
  process, or service by trade name, trademark, manufacturer or otherwise does 
  not necessarily constitute or imply its endorsement, recommendation, or 
  favoring by the United States Government or the University of California. 
  The views and opinions of authors expressed herein do not necessarily state 
  or reflect those of the United States Government or the University of 
  California, and shall not be used for advertising or product endorsement 
  purposes. 
  ****************************************************************
 
 
  This is a validation file for the 2D formation simulator.               
 
 
 
   ---> Using database: datacom.dbs                                                                                         
 
 
 Number of components =                     5
 
  1 H+                
  2 Ca++              
  3 Mg++              
  4 HCO3-             
  5 Cl-               
 
 Number of secondary species in input file =            3
 
  1 OH-               
  2 CO2(aq)           
  3 CO3--             
 
 Number of gases in input file =                0
 
 
 
 Number of kinetic minerals =            1
 
 
  Using database file: datacom.dbs
 
  temperature interpolation coefficients
                  ln(T+Tk)        1         T+Tk      (T+Tk)**-1   (t+tk)**-2
 
    HOMOGENEOUS REACTIONS
 
 Species         log K         Stoichiometric Coefficients
                            H+     Ca++   Mg++   HCO3-  Cl-    
 OH-           1.3991E+01  -1.00   0.00   0.00   0.00   0.00
 CO2(aq)      -6.3414E+00   1.00   0.00   0.00   1.00   0.00
 CO3--         9.6172E+00  -1.00   0.00   0.00   1.00   0.00
 
      MINERAL REACTIONS
 
 Mineral         log K         Stoichiometric Coefficients
                            H+     Ca++   Mg++   HCO3-  Cl-    
 Calcite       1.8928E+00  -1.00   1.00   0.00   1.00   0.00
 
  ***KINETIC INPUTS***
 
   MINERAL
 
 
  ******  GEOCHEMICAL CONDITIONS INPUT  ******
 
 Number of geochemical conditions specified =            2
 
  Condition Label: inlet
 
 
  Primary species    itype     guess      Total conc.  Constraint phase
  H+                   7    1.0000E-04    0.0000E+00                       
  Ca++                 1    5.0000E-03    5.0000E-03                       
  Mg++                 1    1.0000E-07    1.0000E-07                       
  HCO3-                1    1.0000E-02    1.0000E-02                       
  Cl-                  1    1.0000E-04    1.0000E-04                       
 
  Porosity for this chemical condition =   0.2000
 
 
 
  Condition Label: initial
 
 
  Primary species    itype     guess      Total conc.  Constraint phase
  H+                   7    1.0000E-04    0.0000E+00                       
  Ca++                 1    1.0000E-04    1.0000E-30                       
  Mg++                 1    1.0000E-04    1.0000E-30                       
  HCO3-                1    1.0000E-04    1.0000E-04                       
  Cl-                  1    1.0000E-07    1.0000E-07                       
 
  Porosity for this chemical condition =   0.2000
 
 
 
   ********  SPECIATION OF GEOCHEMICAL CONDITIONS  ********
 
 
 *********************************************
  ---> GEOCHEMICAL CONDITION: inlet
 
  Temperature (C)         =     25.000
  Porosity                =      0.200
  Liquid Saturation       =      1.000
  Liquid Density (kg/m^3) =   1000.000
  Solid Density (kg/m^3)  =   2709.893
  Solid:Solution Ratio    =  10839.573
  Ionic Strength          =      0.010
  Solution pH             =      4.000
  Total Charge            =  9.959E-03
 
 Total Aqueous Concentrations of Primary Species  
 --------------------------------------- 
 
  Species               Molality     Constraint    Constraint Phase 
 H+                   1.0059E-02     Activity                        
 Ca++                 5.0000E-03     Total                           
 Mg++                 1.0000E-07     Total                           
 HCO3-                1.0000E-02     Total                           
 Cl-                  1.0000E-04     Total                           
 
 Concentrations of Individual Species, Exchangers, and Surface Complexes 
 ----------------------------------------------------------------------- 
 
                           Log        Log                                 Activity
 Species              Molality   Activity      Molality      Activity   Coefficient    Type
  H+                    -3.961     -4.000     1.094E-04     1.000E-04     9.138E-01  Aqueous 
  Ca++                  -2.301     -2.472     5.000E-03     3.373E-03     6.746E-01  Aqueous 
  Mg++                  -7.000     -7.162     1.000E-07     6.887E-08     6.887E-01  Aqueous 
  HCO3-                 -4.298     -4.343     5.039E-05     4.543E-05     9.017E-01  Aqueous 
  Cl-                   -4.000     -4.046     1.000E-04     8.989E-05     8.989E-01  Aqueous 
  OH-                   -9.946     -9.991     1.134E-10     1.021E-10     9.003E-01  Aqueous 
  CO2(aq)               -2.002     -2.001     9.950E-03     9.973E-03     1.002E+00  Aqueous 
  CO3--                 -9.781     -9.960     1.654E-10     1.097E-10     6.632E-01  Aqueous 
 
  ****** Partial pressure of gases (bars) *****
 
 
  ****** Saturation state of minerals (log[Q/K] *****
 
  Calcite                  -4.7073
 
 *********************************************
  ---> GEOCHEMICAL CONDITION: initial
 
  Temperature (C)         =     25.000
  Porosity                =      0.200
  Liquid Saturation       =      1.000
  Liquid Density (kg/m^3) =   1000.000
  Solid Density (kg/m^3)  =   2709.893
  Solid:Solution Ratio    =  10839.573
  Ionic Strength          =      0.000
  Solution pH             =      4.000
  Total Charge            =  1.003E-04
 
 Total Aqueous Concentrations of Primary Species  
 --------------------------------------- 
 
  Species               Molality     Constraint    Constraint Phase 
 H+                   2.0036E-04     Activity                        
 Ca++                 1.0000E-30     Total                           
 Mg++                 1.0000E-30     Total                           
 HCO3-                1.0000E-04     Total                           
 Cl-                  1.0000E-07     Total                           
 
 Concentrations of Individual Species, Exchangers, and Surface Complexes 
 ----------------------------------------------------------------------- 
 
                           Log        Log                                 Activity
 Species              Molality   Activity      Molality      Activity   Coefficient    Type
  H+                    -3.996     -4.000     1.008E-04     1.000E-04     9.918E-01  Aqueous 
  Ca++                 -30.000    -30.014     1.000E-30     9.676E-31     9.676E-01  Aqueous 
  Mg++                 -30.000    -30.014     1.000E-30     9.677E-31     9.677E-01  Aqueous 
  HCO3-                 -6.340     -6.343     4.573E-07     4.535E-07     9.918E-01  Aqueous 
  Cl-                   -7.000     -7.004     1.000E-07     9.917E-08     9.917E-01  Aqueous 
  OH-                   -9.988     -9.991     1.029E-10     1.021E-10     9.917E-01  Aqueous 
  CO2(aq)               -4.002     -4.002     9.954E-05     9.954E-05     1.000E+00  Aqueous 
  CO3--                -11.946    -11.961     1.132E-12     1.095E-12     9.674E-01  Aqueous 
 
  ****** Partial pressure of gases (bars) *****
 
 
  ****** Saturation state of minerals (log[Q/K] *****
 
  Calcite                 -34.2505
 
                SPECIATION OF  
      INITIAL AND BOUNDARY CONDITIONS 
           SUCCESSFULLY COMPLETED
 
 
   NZ =            1
 
  Cell  Distance (m)
   1    1.250E+00
 
 
 Number of heterogeneities =            1
 
 
 Parameters for this run:
 
  Maximum timestep (yrs) =    2.740E-02
  Maximum timestep (yrs) =    2.740E-13
 
 --> Porosity set by "fix_porosity" or "set_porosity" keywords
 ----> No update of porosity
 --> Extended Debye-Huckel activity model used
 --> Activity coefficients only computed
     at beginning of time step 
 
  Temperature (C) at J = 1            25.00
  Temperature gradient (C/m) =         0.00
 
 Graphics files printed at (yrs)
   2.7397E-06
   2.7397E-02
   1.3699E-01
   2.7397E-01
   1.0000E+00

 
  Constant velocities have been specified
 
   X Darcy velocity =   0.200000000000000     
   Y Darcy velocity =   1.000000000000000E-002
 
 
 
 
   Using constant diffusion coefficient
  Diffusion coefficient (m**2/yr) =       3.6500E-18
 
 
  Longitudinal dispersivity (m) =     1.0000E-20
  Transverse dispersivity (m) =       1.0000E-20
 
 
         INITIALIZATION COMPLETED 
          STARTING TIMESTEPPING 
 
